app/seeds.txt
studio.mandysa.music.databinding.LayoutEmptyBinding
studio.mandysa.music.ui.all.playlist.PlaylistViewModel$nextPage$1
studio.mandysa.music.logic.utils.FragmentActivityUtilsKt$inflate$1
studio.mandysa.music.ui.search.searchlist.SearchListFragment
studio.mandysa.music.logic.utils.ClassUtilsKt
studio.mandysa.music.logic.model.PlaylistInfoModel
studio.mandysa.music.logic.model.UserModel
studio.mandysa.music.logic.network.Url
studio.mandysa.music.logic.utils.BindingAdapterUtilsKt
studio.mandysa.music.logic.model.MusicModel
studio.mandysa.music.ui.search.searchlist.SearchListFragment$onViewCreated$2$2$1
studio.mandysa.music.logic.model.LoginModel
studio.mandysa.music.logic.utils.ObservableUtilsKt
studio.mandysa.music.ui.me.MeFragment$onViewCreated$1$1$1$2$1$1
studio.mandysa.music.ui.me.MeFragment
studio.mandysa.music.databinding.ItemPlaylistInfoHeadBinding
studio.mandysa.music.ui.view.SquareLayout
studio.mandysa.music.databinding.ItemPlaylistBinding
studio.mandysa.music.ui.search.searchlist.SearchListFragment$onViewCreated$2$2$1$1$2
studio.mandysa.music.ui.all.playlist.PlaylistFragment$onViewCreated$3
studio.mandysa.music.databinding.FragmentPlaylistBinding
studio.mandysa.music.ui.search.SearchFragment$onViewCreated$1
studio.mandysa.music.databinding.ItemPlaylistHeadBinding
studio.mandysa.music.ui.all.playlist.PlaylistFragment$onViewCreated$2$1$2$3
studio.mandysa.music.ui.search.searchlist.SearchListFragment$nextPage$1$onResponse$1
studio.mandysa.music.ui.all.playlist.PlaylistViewModel
studio.mandysa.music.ui.search.SearchFragment$onViewCreated$3$3
studio.mandysa.music.ui.home.HomeFragment$onViewCreated$1$2$1$1$2
studio.mandysa.music.ui.search.SearchFragment$mOnBackListener$1
studio.mandysa.music.ui.all.playlist.PlaylistFragment$onViewCreated$2$1$2$2
studio.mandysa.music.ui.home.ThreePointsDecoration
studio.mandysa.music.databinding.ItemUserBinding
studio.mandysa.music.logic.model.SingerModel
studio.mandysa.music.ui.event.UserViewModel$login$1
studio.mandysa.music.logic.model.NeteaseCloudMusicApi
studio.mandysa.music.ui.search.SearchFragment$WhenMappings
studio.mandysa.music.logic.model.PlaylistInfoHeadModel
studio.mandysa.music.logic.model.PlaylistModel$Playlist
studio.mandysa.music.ui.decoration.DoubleItemDecoration
studio.mandysa.music.ui.home.HomeFragment$onViewCreated$1$1
studio.mandysa.music.MainActivity
studio.mandysa.music.ui.search.SearchFragment$onViewCreated$3$4$1
studio.mandysa.music.ui.start.StartFragment
studio.mandysa.music.ui.search.SearchFragment$onViewCreated$3$1$1$1
studio.mandysa.music.ui.all.playlist.PlaylistViewModel$nextPage$1$onChanged$1$1
studio.mandysa.music.logic.utils.FragmentBindingDelegate
studio.mandysa.music.databinding.ActivityMainBinding
studio.mandysa.music.databinding.FragmentStartBinding
studio.mandysa.music.logic.network.ServiceCreator
studio.mandysa.music.logic.utils.FragmentActivityViewModelDelegate
studio.mandysa.music.ui.home.HomeFragment$onViewCreated$1$1$1$2$3
studio.mandysa.music.ui.all.playlist.PlaylistFragment$onViewCreated$1$1$1
studio.mandysa.music.MyApplication
studio.mandysa.music.logic.utils.EditTextUtilsKt
studio.mandysa.music.ui.start.StartFragment$createTextChangedListener$1
studio.mandysa.music.ui.all.playlist.PlaylistFragment$onViewCreated$2$1
studio.mandysa.music.ui.home.HomeFragment
studio.mandysa.music.logic.model.NewSongModel
studio.mandysa.music.service.MediaPlayService
studio.mandysa.music.ui.play.lyrics.LyricsFragment
studio.mandysa.music.databinding.FragmentSearchListBinding
studio.mandysa.music.logic.utils.ArrayListUtilsKt
studio.mandysa.music.ui.search.searchlist.SearchListFragment$onViewCreated$2$2$1$1$3
studio.mandysa.music.ui.play.PlayFragment$onViewCreated$4$1
studio.mandysa.music.ui.me.MeFragment$onViewCreated$1$1$1$2$1
studio.mandysa.music.databinding.FragmentHomeBinding
studio.mandysa.music.ui.search.SearchFragment$onViewCreated$3$4
studio.mandysa.music.logic.model.UserPlaylistModel$UserPlaylist
studio.mandysa.music.ui.me.MeFragment$onViewCreated$1$2$1
...
androidx.core.view.WindowInsetsCompat$Impl: boolean isRound()
com.sothree.slidinguppanel.SlidingUpPanelLayout: int getPanelHeight()
androidx.core.view.WindowInsetsCompat$Impl28: androidx.core.view.WindowInsetsCompat consumeDisplayCutout()
androidx.core.view.WindowInsetsCompat$Impl20: androidx.core.graphics.Insets getSystemWindowInsets()
com.sothree.slidinguppanel.SlidingUpPanelLayout: void setDragView(android.view.View)
androidx.cardview.widget.CardView: void setCardBackgroundColor(android.content.res.ColorStateList)
androidx.cardview.widget.CardView: int getContentPaddingLeft()
mandysax.fragment.FragmentController$STACK: mandysax.fragment.FragmentController$STACK valueOf(java.lang.String)
mandysax.fragment.Fragment: void dispatchOnDetach()
mandysax.fragment.FragmentLifecycle: void onCreate(android.os.Bundle)
mandysax.fragment.FragmentController$STACK: mandysax.fragment.FragmentController$STACK[] values()
androidx.recyclerview.widget.StaggeredGridLayoutManager: StaggeredGridLayoutManager(android.content.Context,android.util.AttributeSet,int,int)
com.tencent.mmkv.MMKV: boolean isFileValid(java.lang.String,java.lang.String)
androidx.recyclerview.widget.RecyclerView: int getItemDecorationCount()
androidx.recyclerview.widget.RecyclerView: void setLayoutTransition(android.animation.LayoutTransition)
mandysax.fragment.DialogFragment: void dismissDialog()
mandysax.fragment.DialogFragment: void onDestroyView()
androidx.core.view.WindowInsetsCompat$Impl20: WindowInsetsCompat$Impl20(androidx.core.view.WindowInsetsCompat,androidx.core.view.WindowInsetsCompat$Impl20)
androidx.recyclerview.widget.RecyclerView: void setLayoutFrozen(boolean)
androidx.core.view.WindowInsetsCompat$Impl20: WindowInsetsCompat$Impl20(androidx.core.view.WindowInsetsCompat,android.view.WindowInsets)
androidx.core.view.WindowInsetsCompat$Impl21: boolean isConsumed()
com.sothree.slidinguppanel.SlidingUpPanelLayout: void setGravity(int)
mandysax.core.app.OnBackPressedCallback: void removeCancellable(mandysax.core.app.Cancellable)
mandysax.fragment.FragmentLifecycle: android.view.View onCreateView(android.view.LayoutInflater,android.view.ViewGroup,android.os.Bundle)
mandysax.fragment.DialogFragment: DialogFragment()
androidx.cardview.widget.CardView: void setUseCompatPadding(boolean)
com.tencent.mmkv.MMKV: void lock()
com.sothree.slidinguppanel.SlidingUpPanelLayout: com.sothree.slidinguppanel.SlidingUpPanelLayout$PanelState getPanelState()
com.yanzhenjie.sofia.StatusView: StatusView(android.content.Context,android.util.AttributeSet)
androidx.cardview.widget.CardView: android.content.res.ColorStateList getCardBackgroundColor()
androidx.cardview.widget.CardView: int getContentPaddingTop()
mandysax.fragment.Fragment: void setArguments(android.os.Bundle)
mandysax.fragment.Fragment: void dispatchOnDestroyView()
com.tencent.mmkv.MMKV: java.lang.String[] allKeys()
androidx.core.view.WindowInsetsCompat$Impl29: WindowInsetsCompat$Impl29(androidx.core.view.WindowInsetsCompat,androidx.core.view.WindowInsetsCompat$Impl29)
mandysax.fragment.Fragment: void onHiddenChanged(boolean)
com.tencent.mmkv.MMKV: float decodeFloat(long,java.lang.String,float)
com.tencent.mmkv.MMKV: int ashmemMetaFD()
mandysax.fragment.Fragment: void dispatchOnPause()
mandysax.fragment.DialogFragment: void setCanceledOnTouchOutside(boolean)
com.tencent.mmkv.MMKV: void sync(boolean)
mandysax.fragment.DialogFragment: void dismiss()
mandysax.fragment.Fragment: Fragment()
com.sothree.slidinguppanel.SlidingUpPanelLayout: void setPanelStateInternal(com.sothree.slidinguppanel.SlidingUpPanelLayout$PanelState)
android.support.v4.app.RemoteActionCompatParcelizer: void write(androidx.core.app.RemoteActionCompat,androidx.versionedparcelable.VersionedParcel)
mandysax.fragment.Fragment: void dispatchOnStop()
androidx.cardview.widget.CardView: void setMinimumHeight(int)
com.nostra13.universalimageloader.core.assist.ImageScaleType: com.nostra13.universalimageloader.core.assist.ImageScaleType[] values()