app/mapping.txt
# compiler: R8
# compiler_version: 3.0.73
# min_api: 26
# pg_map_id: fb7d3ed
# common_typos_disable
studio.mandysa.music.MainActivity -> studio.mandysa.music.MainActivity:
    kotlin.Lazy mBinding$delegate -> e
    kotlin.Lazy mEvent$delegate -> f
    kotlin.Lazy mUserViewModel$delegate -> g
    int $r8$clinit -> h
    studio.mandysa.music.databinding.ActivityMainBinding getMBinding() -> f
    studio.mandysa.music.MainViewModel getMEvent() -> g
    1:1:com.yanzhenjie.sofia.Bar com.yanzhenjie.sofia.Sofia.with(android.app.Activity):0:0 -> onCreate
    1:1:void onCreate(android.os.Bundle):0 -> onCreate
    2:2:void onCreate(android.os.Bundle):0:0 -> onCreate
    3:3:studio.mandysa.music.ui.event.UserViewModel getMUserViewModel():0:0 -> onCreate
    3:3:void onCreate(android.os.Bundle):0 -> onCreate
    4:4:void onCreate(android.os.Bundle):0:0 -> onCreate
    5:5:java.lang.Object mandysax.lifecycle.livedata.LiveData.getValue():0:0 -> onCreate
    5:5:void onCreate(android.os.Bundle):0 -> onCreate
    6:6:void onCreate(android.os.Bundle):0:0 -> onCreate
    7:7:studio.mandysa.bottomnavigationbar.BottomNavigationBar studio.mandysa.bottomnavigationbar.BottomNavigationBar.setActiveColorResource(int):0:0 -> onCreate
    7:7:void onCreate(android.os.Bundle):0 -> onCreate
    8:8:studio.mandysa.bottomnavigationbar.BottomNavigationBar studio.mandysa.bottomnavigationbar.BottomNavigationBar.setActiveColor(int):0:0 -> onCreate
    8:8:studio.mandysa.bottomnavigationbar.BottomNavigationBar studio.mandysa.bottomnavigationbar.BottomNavigationBar.setActiveColorResource(int):0 -> onCreate
studio.mandysa.music.MainActivity$onCreate$2$1 -> studio.mandysa.music.MainActivity$a:
    1:1:mandysax.navigation.fragment.NavHostFragment mandysax.navigation.fragment.NavHostFragment.create(mandysax.fragment.Fragment):0:0 -> a
    1:1:mandysax.fragment.Fragment onCreateFragment(int):0 -> a
    2:2:mandysax.navigation.NavController mandysax.navigation.fragment.NavHostFragment.getNavController():0:0 -> a
    2:2:mandysax.navigation.fragment.NavHostFragment mandysax.navigation.fragment.NavHostFragment.create(mandysax.fragment.Fragment):0 -> a
    2:2:mandysax.fragment.Fragment onCreateFragment(int):0 -> a
    3:3:void mandysax.navigation.NavController.navigate(mandysax.fragment.Fragment):0:0 -> a
    3:3:mandysax.navigation.fragment.NavHostFragment mandysax.navigation.fragment.NavHostFragment.create(mandysax.fragment.Fragment):0 -> a
    3:3:mandysax.fragment.Fragment onCreateFragment(int):0 -> a
    4:4:mandysax.lifecycle.Lifecycle mandysax.fragment.FragmentViewLifecycleOwner.getLifecycle():0:0 -> a
    4:4:void mandysax.navigation.NavController.navigate(mandysax.fragment.Fragment):0 -> a
    4:4:mandysax.navigation.fragment.NavHostFragment mandysax.navigation.fragment.NavHostFragment.create(mandysax.fragment.Fragment):0 -> a
    4:4:mandysax.fragment.Fragment onCreateFragment(int):0 -> a
    5:5:void mandysax.navigation.NavController.navigate(mandysax.fragment.Fragment):0:0 -> a
studio.mandysa.music.MainActivity$onCreate$2$4$2$1$1$1$1$1 -> x1.e:
    mandysax.fragment.FragmentView $controllerFragment -> b
    java.lang.Float y -> a
    mandysax.fragment.FragmentView $playFragment -> c
    studio.mandysa.music.databinding.ActivityMainBinding $this_apply -> d
    1:1:studio.mandysa.music.databinding.ActivityMainBinding studio.mandysa.music.MainActivity.access$getMBinding(studio.mandysa.music.MainActivity):0:0 -> <init>
    1:1:void <init>(studio.mandysa.music.MainActivity,mandysax.fragment.FragmentView,mandysax.fragment.FragmentView,studio.mandysa.music.databinding.ActivityMainBinding):0 -> <init>
    2:2:void <init>(studio.mandysa.music.MainActivity,mandysax.fragment.FragmentView,mandysax.fragment.FragmentView,studio.mandysa.music.databinding.ActivityMainBinding):0:0 -> <init>
    1:1:java.lang.Float studio.mandysa.music.MainActivity$onCreate$2$4$2$1$1$1$1$1.getY():0:0 -> onPanelSlide
    1:1:void onPanelSlide(android.view.View,float):0 -> onPanelSlide
    2:2:void onPanelSlide(android.view.View,float):0:0 -> onPanelSlide
...
androidx.recyclerview.widget.LinearLayoutManager$LayoutChunkResult -> androidx.recyclerview.widget.LinearLayoutManager$b:
    boolean mFinished -> b
    boolean mIgnoreConsumed -> c
    int mConsumed -> a
    boolean mFocusable -> d
androidx.recyclerview.widget.LinearLayoutManager$LayoutState -> androidx.recyclerview.widget.LinearLayoutManager$c:
    int mLastScrollDelta -> j
    int mExtraFillSpace -> h
    int mNoRecycleSpace -> i
    boolean mInfinite -> l
    int mLayoutDirection -> f
    int mScrollingOffset -> g
    int mCurrentPosition -> d
    int mItemDirection -> e
    boolean mRecycle -> a
    int mOffset -> b
    int mAvailable -> c
    java.util.List mScrapList -> k
    1:1:android.view.View nextViewInLimitedList(android.view.View):0:0 -> a
    1:1:void assignPositionFromScrapList(android.view.View):0 -> a
    2:2:void assignPositionFromScrapList(android.view.View):0:0 -> a
    boolean hasMore(androidx.recyclerview.widget.RecyclerView$State) -> b
    1:1:android.view.View nextViewFromScrapList():0:0 -> c
    1:1:android.view.View next(androidx.recyclerview.widget.RecyclerView$Recycler):0 -> c
    2:2:android.view.View next(androidx.recyclerview.widget.RecyclerView$Recycler):0:0 -> c
    3:3:android.view.View androidx.recyclerview.widget.RecyclerView$Recycler.getViewForPosition(int,boolean):0:0 -> c
    3:3:android.view.View androidx.recyclerview.widget.RecyclerView$Recycler.getViewForPosition(int):0 -> c
    3:3:android.view.View next(androidx.recyclerview.widget.RecyclerView$Recycler):0 -> c
    4:4:android.view.View next(androidx.recyclerview.widget.RecyclerView$Recycler):0:0 -> c
androidx.recyclerview.widget.LinearLayoutManager$SavedState -> androidx.recyclerview.widget.LinearLayoutManager$d:
    int mAnchorOffset -> b
    boolean mAnchorLayoutFromEnd -> c
    int mAnchorPosition -> a
    boolean hasValidAnchor() -> a
androidx.recyclerview.widget.LinearLayoutManager$SavedState$1 -> androidx.recyclerview.widget.LinearLayoutManager$d$a:
    1:1:androidx.recyclerview.widget.LinearLayoutManager$SavedState createFromParcel(android.os.Parcel):0:0 -> createFromParcel
    1:1:java.lang.Object createFromParcel(android.os.Parcel):0 -> createFromParcel
    1:1:androidx.recyclerview.widget.LinearLayoutManager$SavedState[] newArray(int):0:0 -> newArray
    1:1:java.lang.Object[] newArray(int):0 -> newArray
androidx.recyclerview.widget.LinearSmoothScroller -> androidx.recyclerview.widget.o:
    float mMillisPerPixel -> l
    int mInterimTargetDy -> n
    int mInterimTargetDx -> m
    android.util.DisplayMetrics mDisplayMetrics -> j
    boolean mHasCalculatedMillisPerPixel -> k
    android.view.animation.DecelerateInterpolator mDecelerateInterpolator -> i
    android.view.animation.LinearInterpolator mLinearInterpolator -> h
    1:1:float getSpeedPerPixel():0:0 -> c
    1:1:int calculateTimeForScrolling(int):0 -> c
    2:2:float androidx.recyclerview.widget.SnapHelper$2.calculateSpeedPerPixel(android.util.DisplayMetrics):0:0 -> c
    2:2:float getSpeedPerPixel():0 -> c
    2:2:int calculateTimeForScrolling(int):0 -> c
    3:3:float getSpeedPerPixel():0:0 -> c
    3:3:int calculateTimeForScrolling(int):0 -> c
    4:4:int calculateTimeForScrolling(int):0:0 -> c