app/unused.txt
studio.mandysa.music.BuildConfig
studio.mandysa.music.R$anim
studio.mandysa.music.R$attr
studio.mandysa.music.R$color
studio.mandysa.music.R$dimen
studio.mandysa.music.R$drawable
studio.mandysa.music.R$id
studio.mandysa.music.R$integer
studio.mandysa.music.R$layout
studio.mandysa.music.R$mipmap
studio.mandysa.music.R$string
studio.mandysa.music.R$style
studio.mandysa.music.R$styleable
studio.mandysa.music.R
studio.mandysa.music.service.MediaPlayService$Companion:
    public static synthetic void getInstance$annotations()
    public final void setInstance(studio.mandysa.music.service.MediaPlayService)
studio.mandysa.music.service.MediaPlayService:
    public static final synthetic void access$setInstance$cp(studio.mandysa.music.service.MediaPlayService)
    public static final studio.mandysa.music.service.MediaPlayService getInstance()
    public static final void setInstance(studio.mandysa.music.service.MediaPlayService)
studio.mandysa.music.service.PlayButtonReceiver:
    public static final java.lang.String PLAY_BACK_STATE
    public void <init>()
studio.mandysa.music.MainActivity$$InternalSyntheticLambda$0$ea076996014231cb2c24ec70a7e300d755387e518f7fc8f1d3b524f6cf42f815$1
studio.mandysa.music.MainActivity$$InternalSyntheticLambda$0$ea076996014231cb2c24ec70a7e300d755387e518f7fc8f1d3b524f6cf42f815$2
studio.mandysa.music.MainActivity$$InternalSyntheticLambda$0$ea076996014231cb2c24ec70a7e300d755387e518f7fc8f1d3b524f6cf42f815$3:
    public final androidx.core.view.WindowInsetsCompat onApplyWindowInsets(android.view.View,androidx.core.view.WindowInsetsCompat)
studio.mandysa.music.MainActivity$$InternalSyntheticLambda$1$a0a8515c71e19a3828e046be2f30c03d845636790137bc75b5b5c67cef2c8de6$0
studio.mandysa.music.MainActivity$$InternalSyntheticLambda$2$d54b39b717b64d9cd99040771360254374532f22cf99cf403874781a04118b0b$0:
    private synthetic void $r8$constructor$studio$mandysa$music$MainActivity$$InternalSyntheticLambda$2$d54b39b717b64d9cd99040771360254374532f22cf99cf403874781a04118b0b$0(studio.mandysa.music.databinding.ActivityMainBinding,androidx.core.view.WindowInsetsCompat,studio.mandysa.music.MainActivity,mandysax.fragment.FragmentView,mandysax.fragment.FragmentView)
    private synthetic void $r8$constructor$studio$mandysa$music$MainActivity$$InternalSyntheticLambda$3$7d35a39c1595945e950800fcc3d06397f2f2e98a572caf842c54b9eef5601ef5$0(com.sothree.slidinguppanel.SlidingUpPanelLayout,studio.mandysa.music.MainActivity,mandysax.fragment.FragmentView,mandysax.fragment.FragmentView,studio.mandysa.music.databinding.ActivityMainBinding)
    private final void run$studio$mandysa$music$MainActivity$$InternalSyntheticLambda$2$d54b39b717b64d9cd99040771360254374532f22cf99cf403874781a04118b0b$0()
    private final void run$studio$mandysa$music$MainActivity$$InternalSyntheticLambda$3$7d35a39c1595945e950800fcc3d06397f2f2e98a572caf842c54b9eef5601ef5$0()
studio.mandysa.music.MainActivity$$InternalSyntheticLambda$3$7d35a39c1595945e950800fcc3d06397f2f2e98a572caf842c54b9eef5601ef5$0
studio.mandysa.music.MainActivity$onCreate$2$4$2$1$1$1$1$1:
    public final synthetic studio.mandysa.music.MainActivity this$0
    public final java.lang.Float getY()
studio.mandysa.music.MainActivity$special$$inlined$inflate$1:
    public final androidx.viewbinding.ViewBinding invoke()
studio.mandysa.music.MainActivity$special$$inlined$viewModels$1:
    public final mandysax.lifecycle.ViewModel invoke()
studio.mandysa.music.MainActivity$special$$inlined$viewModels$2:
    public final mandysax.lifecycle.ViewModel invoke()
...
androidx.core.view.WindowInsetsCompat$Impl28:
    public void <init>(androidx.core.view.WindowInsetsCompat,androidx.core.view.WindowInsetsCompat$Impl28)
androidx.core.view.WindowInsetsCompat$Impl29:
    public androidx.core.graphics.Insets mMandatorySystemGestureInsets
    public androidx.core.graphics.Insets mSystemGestureInsets
    public androidx.core.graphics.Insets mTappableElementInsets
    public void <init>(androidx.core.view.WindowInsetsCompat,androidx.core.view.WindowInsetsCompat$Impl29)
androidx.core.view.WindowInsetsCompat:
    public static final androidx.core.view.WindowInsetsCompat CONSUMED
    public androidx.core.view.WindowInsetsCompat consumeDisplayCutout()
    public androidx.core.view.WindowInsetsCompat consumeStableInsets()
    public androidx.core.view.WindowInsetsCompat consumeSystemWindowInsets()
    public int getSystemWindowInsetLeft()
    public int getSystemWindowInsetRight()
    public int getSystemWindowInsetTop()
    public android.view.WindowInsets toWindowInsets()
androidx.core.view.accessibility.AccessibilityEventCompat
androidx.core.view.accessibility.AccessibilityNodeInfoCompat$AccessibilityActionCompat:
    public static final androidx.core.view.accessibility.AccessibilityNodeInfoCompat$AccessibilityActionCompat ACTION_ACCESSIBILITY_FOCUS
    public static final androidx.core.view.accessibility.AccessibilityNodeInfoCompat$AccessibilityActionCompat ACTION_CLEAR_ACCESSIBILITY_FOCUS
    public static final androidx.core.view.accessibility.AccessibilityNodeInfoCompat$AccessibilityActionCompat ACTION_CLEAR_FOCUS
    public static final androidx.core.view.accessibility.AccessibilityNodeInfoCompat$AccessibilityActionCompat ACTION_CLEAR_SELECTION
    public static final androidx.core.view.accessibility.AccessibilityNodeInfoCompat$AccessibilityActionCompat ACTION_CLICK
    public static final androidx.core.view.accessibility.AccessibilityNodeInfoCompat$AccessibilityActionCompat ACTION_COLLAPSE
    public static final androidx.core.view.accessibility.AccessibilityNodeInfoCompat$AccessibilityActionCompat ACTION_CONTEXT_CLICK
    public static final androidx.core.view.accessibility.AccessibilityNodeInfoCompat$AccessibilityActionCompat ACTION_COPY
    public static final androidx.core.view.accessibility.AccessibilityNodeInfoCompat$AccessibilityActionCompat ACTION_CUT
    public static final androidx.core.view.accessibility.AccessibilityNodeInfoCompat$AccessibilityActionCompat ACTION_DISMISS
androidx.core.view.accessibility.AccessibilityNodeInfoCompat$CollectionInfoCompat
androidx.core.view.accessibility.AccessibilityNodeInfoCompat$CollectionItemInfoCompat